<?xml version="1.0" encoding="UTF-8"?>
<testng-results ignored="0" total="1" passed="1" failed="0" skipped="0">
  <reporter-output>
  </reporter-output>
  <suite started-at="2024-06-10T18:31:36 IST" name="Default suite" finished-at="2024-06-10T18:31:58 IST" duration-ms="21365">
    <groups>
    </groups>
    <test started-at="2024-06-10T18:31:36 IST" name="Default test" finished-at="2024-06-10T18:31:58 IST" duration-ms="21365">
      <class name="folders.LoginTest">
        <test-method is-config="true" signature="startDriver()[pri:0, instance:folders.LoginTest@50378a4]" started-at="2024-06-10T18:31:36 IST" name="startDriver" finished-at="2024-06-10T18:31:56 IST" duration-ms="19367" status="PASS">
          <reporter-output>
          </reporter-output>
        </test-method> <!-- startDriver -->
        <test-method signature="userLogin()[pri:0, instance:folders.LoginTest@50378a4]" started-at="2024-06-10T18:31:56 IST" name="userLogin" finished-at="2024-06-10T18:31:58 IST" duration-ms="1779" status="PASS">
          <reporter-output>
          </reporter-output>
        </test-method> <!-- userLogin -->
        <test-method is-config="true" signature="quitDriver()[pri:0, instance:folders.LoginTest@50378a4]" started-at="2024-06-10T18:31:58 IST" name="quitDriver" finished-at="2024-06-10T18:31:58 IST" duration-ms="0" status="PASS">
          <reporter-output>
          </reporter-output>
        </test-method> <!-- quitDriver -->
      </class> <!-- folders.LoginTest -->
    </test> <!-- Default test -->
  </suite> <!-- Default suite -->
</testng-results>
